mktextfm SimSun/OT
mktextfm SimSun/OT
mktextfm KaiTi/OT
mktextfm KaiTi/B/OT
mktextfm SimHei/OT
mktextfm SimHei/I/OT
mktextfm SimSun/OT
mktextfm SimSun/BI/OT
mktextfm SimSun/OT
mktextfm SimSun/OT
mktextfm SimHei/OT
mktextfm SimHei/OT
mktextfm KaiTi/OT
mktextfm KaiTi/OT
mktextfm SimSun/OT
mktextfm SimSun/OT
mktextfm SimSun/OT
mktextfm SimSun/OT
mktextfm SimSun/OT
mktextfm SimHei/OT
mktextfm SimHei/OT
mktextfm SimHei/OT
mktextfm SimSun/OT
mktextfm SimSun/OT
mktextfm KaiTi/OT
mktextfm KaiTi/B/OT
mktextfm SimHei/OT
mktextfm SimHei/I/OT
mktextfm SimSun/OT
mktextfm SimSun/BI/OT
mktextfm SimSun/OT
mktextfm SimSun/OT
mktextfm SimHei/OT
mktextfm SimHei/OT
mktextfm KaiTi/OT
mktextfm KaiTi/OT
mktextfm SimSun/OT
mktextfm SimSun/OT
mktextfm SimSun/OT
mktextfm SimSun/OT
mktextfm SimSun/OT
mktextfm SimHei/OT
mktextfm SimHei/OT
mktextfm SimHei/OT
mktextfm simsun/OT
mktextfm simsun/OT
mktextfm simsun/OT
mktextfm simsun/BI/OT
mktextfm simsun/OT
mktextfm simsun/OT
mktextfm simsun/OT
mktextfm simsun/OT
mktextfm simsun/OT
mktextfm simsun/OT
mktextfm simsun/BI/OT
mktextfm simsun/OT
mktextfm simsun/OT
mktextfm simsun/OT
